/admin/fake-url-for-soft-404-error-check-1986404638
/admin/fake-url-for-soft-404-error-check-26100609631
/admin/fake-url-for-soft-404-error-check-29957405116
/admin/fake-url-for-soft-404-error-check-30003442404
/admin/fake-url-for-soft-404-error-check-31244104284
/admin/fake-url-for-soft-404-error-check-35162604965
/admin/fake-url-for-soft-404-error-check-37926153287
/admin/fake-url-for-soft-404-error-check-39922166051
/admin/fake-url-for-soft-404-error-check-4007938291
/admin/fake-url-for-soft-404-error-check-42475535202
/admin/fake-url-for-soft-404-error-check-43565275997
/admin/fake-url-for-soft-404-error-check-48824674525
/admin/fake-url-for-soft-404-error-check-49187561993
/admin/fake-url-for-soft-404-error-check-55573642077
/admin/fake-url-for-soft-404-error-check-61847385341
/admin/fake-url-for-soft-404-error-check-63077366856
/admin/fake-url-for-soft-404-error-check-64472830066
/admin/fake-url-for-soft-404-error-check-67072577089
/admin/fake-url-for-soft-404-error-check-69433654940
/admin/fake-url-for-soft-404-error-check-71100377578
/admin/fake-url-for-soft-404-error-check-7598979412
/admin/fake-url-for-soft-404-error-check-80381163361
/admin/fake-url-for-soft-404-error-check-83388765757
/admin/fake-url-for-soft-404-error-check-85747758367
/admin/fake-url-for-soft-404-error-check-8818983712
/admin/fake-url-for-soft-404-error-check-90994652917
/admin/fake-url-for-soft-404-error-check-9285262036
/admin123
/admin123/
/admin123/fake-url-for-soft-404-error-check-11282148156
/en
/en/fake-url-for-soft-404-error-check-34571239535
/en/fake-url-for-soft-404-error-check-85963616442
/en/masks-c-1/fake-url-for-soft-404-error-check-90802572395
/en/masks-c-1/lalaku-antibacterial-face-mask-p-4/
/fake-url-for-soft-404-error-check-34933986990
/gen204
/page-not-found-test
/uz
/uz/-c-1/-p-4/
/uz/-c-1/fake-url-for-soft-404-error-check-40372878442
/uz/bolalar-tagliklari-c-3/%3Cstrong%3ENotice:%3C/strong%3E%20Undefined%20variable:%20item%20in%20%3Cstrong%3E~/includes/templates/lalaku.catalog/views/box_checkout_cart.inc.php%3C/strong%3E%20on%20line%20%3Cstrong%3E20%3C/strong%3E%3Cbr%20/%3E
/uz/bolalar-tagliklari-c-3/%3Cstrong%3ENotice:%3C/strong%3E%20Undefined%20variable:%20item%20in%20%3Cstrong%3E~/includes/templates/lalaku.catalog/views/box_checkout_cart.inc.php%3C/strong%3E%20on%20line%20%3Cstrong%3E22%3C/strong%3E%3Cbr%20/%3E
/uz/bolalar-tagliklari-c-3/fake-url-for-soft-404-error-check-79745845024
/uz/bolalar-tagliklari-c-3/fake-url-for-soft-404-error-check-93778855655
/uz/bolalar-tagliklari-c-3/lalaku-trusikchali-tagliklari-p-10/
/uz/create_account/
/uz/fake-url-for-soft-404-error-check-11124178059
/uz/fake-url-for-soft-404-error-check-17051027763
/uz/fake-url-for-soft-404-error-check-19014404151
/uz/fake-url-for-soft-404-error-check-34323136843
/uz/fake-url-for-soft-404-error-check-35553824542
/uz/fake-url-for-soft-404-error-check-35923233893
/uz/fake-url-for-soft-404-error-check-4033037378
/uz/fake-url-for-soft-404-error-check-42067955754
/uz/fake-url-for-soft-404-error-check-48428079744
/uz/fake-url-for-soft-404-error-check-49328351550
/uz/fake-url-for-soft-404-error-check-49678554221
/uz/fake-url-for-soft-404-error-check-50514680881
/uz/fake-url-for-soft-404-error-check-5351900759
/uz/fake-url-for-soft-404-error-check-59058942281
/uz/fake-url-for-soft-404-error-check-61004014725
/uz/fake-url-for-soft-404-error-check-62818787851
/uz/fake-url-for-soft-404-error-check-63944295978
/uz/fake-url-for-soft-404-error-check-66206806358
/uz/fake-url-for-soft-404-error-check-67102506533
/uz/fake-url-for-soft-404-error-check-69822870388
/uz/fake-url-for-soft-404-error-check-74005506202
/uz/fake-url-for-soft-404-error-check-7638203215
/uz/fake-url-for-soft-404-error-check-77324166521
/uz/fake-url-for-soft-404-error-check-78682398009
/uz/fake-url-for-soft-404-error-check-88936928472
/uz/fake-url-for-soft-404-error-check-93668796875
/uz/fake-url-for-soft-404-error-check-93788291032
/uz/fake-url-for-soft-404-error-check-96138687081
/uz/fake-url-for-soft-404-error-check-96828752402
/uz/fake-url-for-soft-404-error-check-9898484099
/uz/login/
/uz/niqoblar-c-1/fake-url-for-soft-404-error-check-11591595548
/uz/niqoblar-c-1/fake-url-for-soft-404-error-check-48637260366
/uz/niqoblar-c-1/fake-url-for-soft-404-error-check-74623405177
/uz/niqoblar-c-1/fake-url-for-soft-404-error-check-77012907539
/uz/niqoblar-c-1/fake-url-for-soft-404-error-check-9150128870
/uz/niqoblar-c-1/lalaku-antibakterial-yuz-niqobi-p-4/
/uz/order/
/uz/order_history/
/uz/papay.uz/uz/login
/uz/printable_order_copy/
